Running: C:\Xilinx\14.7\ISE_DS\ISE\bin\nt64\unwrapped\fuse.exe -intstyle ise -incremental -o C:/Users/GEORGE/Documents/Procesador/Procesador/MI_testBench_isim_beh.exe -prj C:/Users/GEORGE/Documents/Procesador/Procesador/MI_testBench_beh.prj work.MI_testBench 
ISim P.20131013 (signature 0x7708f090)
Number of CPUs detected in this system: 4
Turning on mult-threading, number of parallel sub-compilation jobs: 8 
Determining compilation order of HDL files
Parsing VHDL file "C:/Users/GEORGE/Documents/Procesador/Procesador/Memoria_instrucciones.vhd" into library work
Parsing VHDL file "C:/Users/GEORGE/Documents/Procesador/Procesador/MI_testBench.vhd" into library work
Starting static elaboration
Completed static elaboration
Compiling package standard
Compiling package std_logic_1164
Compiling package std_logic_arith
Compiling package std_logic_unsigned
Compiling package textio
Compiling architecture arqprocesador of entity MEMORIAINSTRUCCION [memoriainstruccion_default]
Compiling architecture behavior of entity mi_testbench
Time Resolution for simulation is 1ps.
Waiting for 1 sub-compilation(s) to finish...
Compiled 8 VHDL Units
Built simulation executable C:/Users/GEORGE/Documents/Procesador/Procesador/MI_testBench_isim_beh.exe
Fuse Memory Usage: 33736 KB
Fuse CPU Usage: 686 ms
